GAS LISTING /tmp/ccJQxc08.s 			page 1


   1              		.file	"fstat.c"
   2              		.option nopic
   3              		.attribute arch, "rv32i2p0_m2p0_a2p0_c2p0"
   4              		.attribute unaligned_access, 0
   5              		.attribute stack_align, 16
   6              		.text
   7              	.Ltext0:
   8              		.cfi_sections	.debug_frame
   9              		.section	.text._fstat,"ax",@progbits
  10              		.align	1
  11              		.globl	_fstat
  13              	_fstat:
  14              	.LFB1:
  15              		.file 1 "../../firmware/RISCV/stubs/fstat.c"
   1:../../firmware/RISCV/stubs/fstat.c **** /* See LICENSE of license details. */
   2:../../firmware/RISCV/stubs/fstat.c **** 
   3:../../firmware/RISCV/stubs/fstat.c **** #include <errno.h>
   4:../../firmware/RISCV/stubs/fstat.c **** #include <unistd.h>
   5:../../firmware/RISCV/stubs/fstat.c **** #include <sys/stat.h>
   6:../../firmware/RISCV/stubs/fstat.c **** #include "stub.h"
   7:../../firmware/RISCV/stubs/fstat.c **** 
   8:../../firmware/RISCV/stubs/fstat.c **** int _fstat(int fd, struct stat* st)
   9:../../firmware/RISCV/stubs/fstat.c **** {
  16              		.loc 1 9 1
  17              		.cfi_startproc
  18              	.LVL0:
  10:../../firmware/RISCV/stubs/fstat.c ****   if (isatty(fd)) {
  19              		.loc 1 10 3
   9:../../firmware/RISCV/stubs/fstat.c ****   if (isatty(fd)) {
  20              		.loc 1 9 1 is_stmt 0
  21 0000 0111     		addi	sp,sp,-32
  22              	.LCFI0:
  23              		.cfi_def_cfa_offset 32
  24 0002 06CE     		sw	ra,28(sp)
  25              		.cfi_offset 1, -4
   9:../../firmware/RISCV/stubs/fstat.c ****   if (isatty(fd)) {
  26              		.loc 1 9 1
  27 0004 2EC6     		sw	a1,12(sp)
  28              		.loc 1 10 7
  29 0006 97000000 		call	isatty
  29      E7800000 
  30              	.LVL1:
  31              		.loc 1 10 6
  32 000e 01C9     		beq	a0,zero,.L3
  11:../../firmware/RISCV/stubs/fstat.c ****     st->st_mode = S_IFCHR;
  33              		.loc 1 11 5 is_stmt 1
  34              		.loc 1 11 17 is_stmt 0
  35 0010 B245     		lw	a1,12(sp)
  36 0012 8967     		li	a5,8192
  12:../../firmware/RISCV/stubs/fstat.c ****     return 0;
  37              		.loc 1 12 12
  38 0014 0145     		li	a0,0
  11:../../firmware/RISCV/stubs/fstat.c ****     st->st_mode = S_IFCHR;
  39              		.loc 1 11 17
  40 0016 DCC1     		sw	a5,4(a1)
  41              		.loc 1 12 5 is_stmt 1
  42              	.L1:
GAS LISTING /tmp/ccJQxc08.s 			page 2


  13:../../firmware/RISCV/stubs/fstat.c ****   }
  14:../../firmware/RISCV/stubs/fstat.c **** 
  15:../../firmware/RISCV/stubs/fstat.c ****   return _stub(EBADF);
  16:../../firmware/RISCV/stubs/fstat.c **** }
  43              		.loc 1 16 1 is_stmt 0
  44 0018 F240     		lw	ra,28(sp)
  45              		.cfi_remember_state
  46              		.cfi_restore 1
  47 001a 0561     		addi	sp,sp,32
  48              	.LCFI1:
  49              		.cfi_def_cfa_offset 0
  50              	.LVL2:
  51 001c 8280     		jr	ra
  52              	.LVL3:
  53              	.L3:
  54              	.LCFI2:
  55              		.cfi_restore_state
  15:../../firmware/RISCV/stubs/fstat.c **** }
  56              		.loc 1 15 10
  57 001e 7D55     		li	a0,-1
  58 0020 E5BF     		j	.L1
  59              		.cfi_endproc
  60              	.LFE1:
  62              		.text
  63              	.Letext0:
  64              		.file 2 "/home/karzan/Documents/toolchain-gd32v-v202-linux/compiler/lib/gcc/riscv64-unknown-elf/8.
  65              		.file 3 "/home/karzan/Documents/toolchain-gd32v-v202-linux/compiler/riscv64-unknown-elf/include/ma
  66              		.file 4 "/home/karzan/Documents/toolchain-gd32v-v202-linux/compiler/riscv64-unknown-elf/include/sy
  67              		.file 5 "/home/karzan/Documents/toolchain-gd32v-v202-linux/compiler/riscv64-unknown-elf/include/sy
  68              		.file 6 "/home/karzan/Documents/toolchain-gd32v-v202-linux/compiler/riscv64-unknown-elf/include/sy
  69              		.file 7 "/home/karzan/Documents/toolchain-gd32v-v202-linux/compiler/riscv64-unknown-elf/include/sy
  70              		.file 8 "/home/karzan/Documents/toolchain-gd32v-v202-linux/compiler/riscv64-unknown-elf/include/sy
  71              		.file 9 "/home/karzan/Documents/toolchain-gd32v-v202-linux/compiler/riscv64-unknown-elf/include/sy
  72              		.file 10 "/home/karzan/Documents/toolchain-gd32v-v202-linux/compiler/riscv64-unknown-elf/include/s
  73              		.file 11 "/home/karzan/Documents/toolchain-gd32v-v202-linux/compiler/riscv64-unknown-elf/include/t
  74              		.file 12 "/home/karzan/Documents/toolchain-gd32v-v202-linux/compiler/riscv64-unknown-elf/include/s
  75              		.file 13 "../../firmware/RISCV/stubs/stub.h"
GAS LISTING /tmp/ccJQxc08.s 			page 3


DEFINED SYMBOLS
                            *ABS*:0000000000000000 fstat.c
     /tmp/ccJQxc08.s:13     .text._fstat:0000000000000000 _fstat
     /tmp/ccJQxc08.s:17     .text._fstat:0000000000000000 .L0 
     /tmp/ccJQxc08.s:19     .text._fstat:0000000000000000 .L0 
     /tmp/ccJQxc08.s:20     .text._fstat:0000000000000000 .L0 
     /tmp/ccJQxc08.s:21     .text._fstat:0000000000000000 .L0 
     /tmp/ccJQxc08.s:23     .text._fstat:0000000000000002 .L0 
     /tmp/ccJQxc08.s:25     .text._fstat:0000000000000004 .L0 
     /tmp/ccJQxc08.s:27     .text._fstat:0000000000000004 .L0 
     /tmp/ccJQxc08.s:29     .text._fstat:0000000000000006 .L0 
     /tmp/ccJQxc08.s:32     .text._fstat:000000000000000e .L0 
     /tmp/ccJQxc08.s:34     .text._fstat:0000000000000010 .L0 
     /tmp/ccJQxc08.s:35     .text._fstat:0000000000000010 .L0 
     /tmp/ccJQxc08.s:38     .text._fstat:0000000000000014 .L0 
     /tmp/ccJQxc08.s:40     .text._fstat:0000000000000016 .L0 
     /tmp/ccJQxc08.s:43     .text._fstat:0000000000000018 .L0 
     /tmp/ccJQxc08.s:44     .text._fstat:0000000000000018 .L0 
     /tmp/ccJQxc08.s:45     .text._fstat:000000000000001a .L0 
     /tmp/ccJQxc08.s:46     .text._fstat:000000000000001a .L0 
     /tmp/ccJQxc08.s:49     .text._fstat:000000000000001c .L0 
     /tmp/ccJQxc08.s:55     .text._fstat:000000000000001e .L0 
     /tmp/ccJQxc08.s:57     .text._fstat:000000000000001e .L0 
     /tmp/ccJQxc08.s:59     .text._fstat:0000000000000022 .L0 
     /tmp/ccJQxc08.s:62     .text._fstat:0000000000000022 .L0 
                     .debug_frame:0000000000000000 .L0 
     /tmp/ccJQxc08.s:53     .text._fstat:000000000000001e .L3
     /tmp/ccJQxc08.s:42     .text._fstat:0000000000000018 .L1
     /tmp/ccJQxc08.s:1932   .debug_abbrev:0000000000000000 .Ldebug_abbrev0
     /tmp/ccJQxc08.s:2842   .debug_str:00000000000005b5 .LASF170
     /tmp/ccJQxc08.s:2630   .debug_str:00000000000001a0 .LASF171
     /tmp/ccJQxc08.s:2746   .debug_str:00000000000003c3 .LASF172
     /tmp/ccJQxc08.s:2536   .debug_ranges:0000000000000000 .Ldebug_ranges0
     /tmp/ccJQxc08.s:2542   .debug_line:0000000000000000 .Ldebug_line0
     /tmp/ccJQxc08.s:2674   .debug_str:0000000000000287 .LASF0
     /tmp/ccJQxc08.s:2696   .debug_str:00000000000002e6 .LASF1
     /tmp/ccJQxc08.s:2594   .debug_str:0000000000000100 .LASF2
     /tmp/ccJQxc08.s:2730   .debug_str:000000000000037f .LASF3
     /tmp/ccJQxc08.s:2710   .debug_str:0000000000000331 .LASF8
     /tmp/ccJQxc08.s:2596   .debug_str:000000000000010e .LASF4
     /tmp/ccJQxc08.s:2758   .debug_str:0000000000000444 .LASF5
     /tmp/ccJQxc08.s:2766   .debug_str:0000000000000467 .LASF6
     /tmp/ccJQxc08.s:2616   .debug_str:0000000000000167 .LASF7
     /tmp/ccJQxc08.s:2650   .debug_str:000000000000021d .LASF9
     /tmp/ccJQxc08.s:2684   .debug_str:00000000000002b4 .LASF10
     /tmp/ccJQxc08.s:2572   .debug_str:0000000000000082 .LASF11
     /tmp/ccJQxc08.s:2584   .debug_str:00000000000000cc .LASF12
     /tmp/ccJQxc08.s:2614   .debug_str:000000000000015c .LASF13
     /tmp/ccJQxc08.s:2740   .debug_str:00000000000003aa .LASF14
     /tmp/ccJQxc08.s:2742   .debug_str:00000000000003b6 .LASF15
     /tmp/ccJQxc08.s:2662   .debug_str:0000000000000256 .LASF16
     /tmp/ccJQxc08.s:2834   .debug_str:0000000000000592 .LASF17
     /tmp/ccJQxc08.s:2548   .debug_str:0000000000000014 .LASF18
     /tmp/ccJQxc08.s:2806   .debug_str:0000000000000525 .LASF19
     /tmp/ccJQxc08.s:2600   .debug_str:0000000000000120 .LASF20
     /tmp/ccJQxc08.s:2546   .debug_str:000000000000000c .LASF21
     /tmp/ccJQxc08.s:2818   .debug_str:0000000000000555 .LASF22
GAS LISTING /tmp/ccJQxc08.s 			page 4


     /tmp/ccJQxc08.s:2862   .debug_str:0000000000000695 .LASF23
     /tmp/ccJQxc08.s:2706   .debug_str:0000000000000323 .LASF24
     /tmp/ccJQxc08.s:2676   .debug_str:0000000000000294 .LASF25
     /tmp/ccJQxc08.s:2810   .debug_str:0000000000000533 .LASF26
     /tmp/ccJQxc08.s:2812   .debug_str:000000000000053b .LASF27
     /tmp/ccJQxc08.s:2778   .debug_str:000000000000049a .LASF28
     /tmp/ccJQxc08.s:2890   .debug_str:0000000000000712 .LASF29
     /tmp/ccJQxc08.s:2848   .debug_str:000000000000064b .LASF30
     /tmp/ccJQxc08.s:2754   .debug_str:0000000000000429 .LASF31
     /tmp/ccJQxc08.s:2654   .debug_str:000000000000022e .LASF32
     /tmp/ccJQxc08.s:2658   .debug_str:000000000000023f .LASF37
     /tmp/ccJQxc08.s:2836   .debug_str:000000000000059a .LASF33
     /tmp/ccJQxc08.s:2802   .debug_str:0000000000000516 .LASF34
     /tmp/ccJQxc08.s:2652   .debug_str:0000000000000228 .LASF35
     /tmp/ccJQxc08.s:2856   .debug_str:0000000000000680 .LASF36
     /tmp/ccJQxc08.s:2672   .debug_str:0000000000000282 .LASF38
     /tmp/ccJQxc08.s:2590   .debug_str:00000000000000f2 .LASF39
     /tmp/ccJQxc08.s:2828   .debug_str:000000000000057c .LASF40
     /tmp/ccJQxc08.s:2604   .debug_str:000000000000012f .LASF41
     /tmp/ccJQxc08.s:2894   .debug_str:0000000000000725 .LASF42
     /tmp/ccJQxc08.s:2736   .debug_str:0000000000000399 .LASF43
     /tmp/ccJQxc08.s:2724   .debug_str:0000000000000365 .LASF44
     /tmp/ccJQxc08.s:2858   .debug_str:0000000000000685 .LASF45
     /tmp/ccJQxc08.s:2768   .debug_str:0000000000000471 .LASF46
     /tmp/ccJQxc08.s:2874   .debug_str:00000000000006ca .LASF47
     /tmp/ccJQxc08.s:2608   .debug_str:000000000000013e .LASF48
     /tmp/ccJQxc08.s:2644   .debug_str:000000000000020a .LASF49
     /tmp/ccJQxc08.s:2544   .debug_str:0000000000000000 .LASF50
     /tmp/ccJQxc08.s:2844   .debug_str:000000000000063d .LASF51
     /tmp/ccJQxc08.s:2622   .debug_str:0000000000000181 .LASF52
     /tmp/ccJQxc08.s:2738   .debug_str:00000000000003a2 .LASF53
     /tmp/ccJQxc08.s:2794   .debug_str:00000000000004e6 .LASF54
     /tmp/ccJQxc08.s:2646   .debug_str:0000000000000212 .LASF55
     /tmp/ccJQxc08.s:2770   .debug_str:000000000000047b .LASF56
     /tmp/ccJQxc08.s:2602   .debug_str:0000000000000129 .LASF57
     /tmp/ccJQxc08.s:2550   .debug_str:000000000000001c .LASF58
     /tmp/ccJQxc08.s:2780   .debug_str:00000000000004a5 .LASF59
     /tmp/ccJQxc08.s:2620   .debug_str:000000000000017a .LASF60
     /tmp/ccJQxc08.s:2686   .debug_str:00000000000002c6 .LASF61
     /tmp/ccJQxc08.s:2576   .debug_str:00000000000000a3 .LASF62
     /tmp/ccJQxc08.s:2610   .debug_str:000000000000014c .LASF63
     /tmp/ccJQxc08.s:2664   .debug_str:000000000000025e .LASF64
     /tmp/ccJQxc08.s:2722   .debug_str:000000000000035e .LASF65
     /tmp/ccJQxc08.s:2814   .debug_str:0000000000000543 .LASF66
     /tmp/ccJQxc08.s:2878   .debug_str:00000000000006e4 .LASF67
     /tmp/ccJQxc08.s:2598   .debug_str:000000000000011a .LASF68
     /tmp/ccJQxc08.s:2870   .debug_str:00000000000006bc .LASF69
     /tmp/ccJQxc08.s:2628   .debug_str:0000000000000197 .LASF70
     /tmp/ccJQxc08.s:2638   .debug_str:00000000000001e3 .LASF71
     /tmp/ccJQxc08.s:2566   .debug_str:000000000000005c .LASF72
     /tmp/ccJQxc08.s:2712   .debug_str:0000000000000338 .LASF73
     /tmp/ccJQxc08.s:2784   .debug_str:00000000000004b7 .LASF74
     /tmp/ccJQxc08.s:2716   .debug_str:0000000000000345 .LASF75
     /tmp/ccJQxc08.s:2804   .debug_str:000000000000051e .LASF76
     /tmp/ccJQxc08.s:2822   .debug_str:0000000000000566 .LASF77
     /tmp/ccJQxc08.s:2624   .debug_str:0000000000000189 .LASF78
     /tmp/ccJQxc08.s:2678   .debug_str:000000000000029b .LASF79
GAS LISTING /tmp/ccJQxc08.s 			page 5


     /tmp/ccJQxc08.s:2656   .debug_str:0000000000000237 .LASF80
     /tmp/ccJQxc08.s:2792   .debug_str:00000000000004e1 .LASF81
     /tmp/ccJQxc08.s:2558   .debug_str:0000000000000039 .LASF82
     /tmp/ccJQxc08.s:2800   .debug_str:00000000000004fd .LASF83
     /tmp/ccJQxc08.s:2796   .debug_str:00000000000004eb .LASF84
     /tmp/ccJQxc08.s:2632   .debug_str:00000000000001c3 .LASF85
     /tmp/ccJQxc08.s:2798   .debug_str:00000000000004f3 .LASF86
     /tmp/ccJQxc08.s:2704   .debug_str:000000000000031b .LASF87
     /tmp/ccJQxc08.s:2666   .debug_str:0000000000000264 .LASF88
     /tmp/ccJQxc08.s:2888   .debug_str:000000000000070d .LASF89
     /tmp/ccJQxc08.s:2750   .debug_str:0000000000000415 .LASF90
     /tmp/ccJQxc08.s:2682   .debug_str:00000000000002ac .LASF91
     /tmp/ccJQxc08.s:2636   .debug_str:00000000000001db .LASF92
     /tmp/ccJQxc08.s:2760   .debug_str:0000000000000452 .LASF93
     /tmp/ccJQxc08.s:2698   .debug_str:00000000000002f9 .LASF94
     /tmp/ccJQxc08.s:2866   .debug_str:00000000000006a8 .LASF95
     /tmp/ccJQxc08.s:2612   .debug_str:0000000000000154 .LASF96
     /tmp/ccJQxc08.s:2606   .debug_str:0000000000000139 .LASF97
     /tmp/ccJQxc08.s:2824   .debug_str:000000000000056d .LASF98
     /tmp/ccJQxc08.s:2776   .debug_str:0000000000000493 .LASF99
     /tmp/ccJQxc08.s:2860   .debug_str:000000000000068f .LASF100
     /tmp/ccJQxc08.s:2692   .debug_str:00000000000002d9 .LASF101
     /tmp/ccJQxc08.s:2774   .debug_str:000000000000048d .LASF102
     /tmp/ccJQxc08.s:2554   .debug_str:000000000000002a .LASF103
     /tmp/ccJQxc08.s:2808   .debug_str:000000000000052d .LASF104
     /tmp/ccJQxc08.s:2832   .debug_str:000000000000058c .LASF105
     /tmp/ccJQxc08.s:2846   .debug_str:0000000000000646 .LASF106
     /tmp/ccJQxc08.s:2854   .debug_str:0000000000000673 .LASF107
     /tmp/ccJQxc08.s:2838   .debug_str:00000000000005a0 .LASF108
     /tmp/ccJQxc08.s:2702   .debug_str:000000000000030e .LASF109
     /tmp/ccJQxc08.s:2876   .debug_str:00000000000006d5 .LASF110
     /tmp/ccJQxc08.s:2660   .debug_str:0000000000000247 .LASF111
     /tmp/ccJQxc08.s:2786   .debug_str:00000000000004c0 .LASF112
     /tmp/ccJQxc08.s:2880   .debug_str:00000000000006eb .LASF113
     /tmp/ccJQxc08.s:2790   .debug_str:00000000000004d4 .LASF114
     /tmp/ccJQxc08.s:2886   .debug_str:00000000000006ff .LASF115
     /tmp/ccJQxc08.s:2588   .debug_str:00000000000000e4 .LASF116
     /tmp/ccJQxc08.s:2864   .debug_str:000000000000069e .LASF117
     /tmp/ccJQxc08.s:2700   .debug_str:0000000000000302 .LASF118
     /tmp/ccJQxc08.s:2850   .debug_str:0000000000000653 .LASF119
     /tmp/ccJQxc08.s:2642   .debug_str:00000000000001fc .LASF120
     /tmp/ccJQxc08.s:2582   .debug_str:00000000000000bd .LASF121
     /tmp/ccJQxc08.s:2640   .debug_str:00000000000001eb .LASF122
     /tmp/ccJQxc08.s:2568   .debug_str:0000000000000062 .LASF123
     /tmp/ccJQxc08.s:2570   .debug_str:0000000000000071 .LASF124
     /tmp/ccJQxc08.s:2764   .debug_str:000000000000045e .LASF125
     /tmp/ccJQxc08.s:2734   .debug_str:0000000000000392 .LASF126
     /tmp/ccJQxc08.s:2726   .debug_str:000000000000036f .LASF127
     /tmp/ccJQxc08.s:2872   .debug_str:00000000000006c2 .LASF128
     /tmp/ccJQxc08.s:2578   .debug_str:00000000000000ac .LASF173
     /tmp/ccJQxc08.s:2816   .debug_str:0000000000000549 .LASF129
     /tmp/ccJQxc08.s:2852   .debug_str:0000000000000660 .LASF130
     /tmp/ccJQxc08.s:2634   .debug_str:00000000000001ce .LASF131
     /tmp/ccJQxc08.s:2782   .debug_str:00000000000004ad .LASF132
     /tmp/ccJQxc08.s:2748   .debug_str:000000000000040e .LASF133
     /tmp/ccJQxc08.s:2680   .debug_str:00000000000002a3 .LASF134
     /tmp/ccJQxc08.s:2868   .debug_str:00000000000006b2 .LASF135
GAS LISTING /tmp/ccJQxc08.s 			page 6


     /tmp/ccJQxc08.s:2896   .debug_str:000000000000072f .LASF136
     /tmp/ccJQxc08.s:2688   .debug_str:00000000000002cc .LASF137
     /tmp/ccJQxc08.s:2744   .debug_str:00000000000003bd .LASF138
     /tmp/ccJQxc08.s:2694   .debug_str:00000000000002e0 .LASF139
     /tmp/ccJQxc08.s:2648   .debug_str:0000000000000217 .LASF140
     /tmp/ccJQxc08.s:2556   .debug_str:0000000000000032 .LASF141
     /tmp/ccJQxc08.s:2552   .debug_str:0000000000000022 .LASF142
     /tmp/ccJQxc08.s:2708   .debug_str:0000000000000329 .LASF143
     /tmp/ccJQxc08.s:2728   .debug_str:0000000000000378 .LASF144
     /tmp/ccJQxc08.s:2732   .debug_str:000000000000038b .LASF145
     /tmp/ccJQxc08.s:2830   .debug_str:0000000000000585 .LASF146
     /tmp/ccJQxc08.s:2882   .debug_str:00000000000006f0 .LASF147
     /tmp/ccJQxc08.s:2720   .debug_str:0000000000000355 .LASF148
     /tmp/ccJQxc08.s:2752   .debug_str:000000000000041f .LASF149
     /tmp/ccJQxc08.s:2560   .debug_str:0000000000000044 .LASF150
     /tmp/ccJQxc08.s:2586   .debug_str:00000000000000dc .LASF151
     /tmp/ccJQxc08.s:2592   .debug_str:00000000000000fb .LASF152
     /tmp/ccJQxc08.s:2562   .debug_str:000000000000004e .LASF153
     /tmp/ccJQxc08.s:2762   .debug_str:0000000000000457 .LASF154
     /tmp/ccJQxc08.s:2840   .debug_str:00000000000005ad .LASF155
     /tmp/ccJQxc08.s:2756   .debug_str:000000000000043b .LASF156
     /tmp/ccJQxc08.s:2690   .debug_str:00000000000002d2 .LASF157
     /tmp/ccJQxc08.s:2564   .debug_str:0000000000000055 .LASF158
     /tmp/ccJQxc08.s:2884   .debug_str:00000000000006f7 .LASF159
     /tmp/ccJQxc08.s:2718   .debug_str:000000000000034d .LASF160
     /tmp/ccJQxc08.s:2820   .debug_str:000000000000055d .LASF161
     /tmp/ccJQxc08.s:2668   .debug_str:000000000000026e .LASF162
     /tmp/ccJQxc08.s:2892   .debug_str:000000000000071c .LASF163
     /tmp/ccJQxc08.s:2670   .debug_str:0000000000000278 .LASF164
     /tmp/ccJQxc08.s:2788   .debug_str:00000000000004cb .LASF165
     /tmp/ccJQxc08.s:2618   .debug_str:0000000000000170 .LASF166
     /tmp/ccJQxc08.s:2772   .debug_str:0000000000000482 .LASF167
     /tmp/ccJQxc08.s:2574   .debug_str:0000000000000099 .LASF168
     /tmp/ccJQxc08.s:2826   .debug_str:0000000000000572 .LASF169
     /tmp/ccJQxc08.s:2626   .debug_str:0000000000000190 .LASF174
     /tmp/ccJQxc08.s:14     .text._fstat:0000000000000000 .LFB1
     /tmp/ccJQxc08.s:60     .text._fstat:0000000000000022 .LFE1
     /tmp/ccJQxc08.s:2464   .debug_loc:0000000000000000 .LLST0
     /tmp/ccJQxc08.s:2487   .debug_loc:0000000000000038 .LLST1
     /tmp/ccJQxc08.s:2501   .debug_loc:0000000000000059 .LLST2
     /tmp/ccJQxc08.s:30     .text._fstat:000000000000000e .LVL1
     /tmp/ccJQxc08.s:2580   .debug_str:00000000000000b7 .LASF175
     /tmp/ccJQxc08.s:2714   .debug_str:000000000000033e .LASF176
     /tmp/ccJQxc08.s:22     .text._fstat:0000000000000002 .LCFI0
     /tmp/ccJQxc08.s:48     .text._fstat:000000000000001c .LCFI1
     /tmp/ccJQxc08.s:54     .text._fstat:000000000000001e .LCFI2
     /tmp/ccJQxc08.s:18     .text._fstat:0000000000000000 .LVL0
     /tmp/ccJQxc08.s:50     .text._fstat:000000000000001c .LVL2
     /tmp/ccJQxc08.s:52     .text._fstat:000000000000001e .LVL3
     /tmp/ccJQxc08.s:77     .debug_info:0000000000000000 .Ldebug_info0

UNDEFINED SYMBOLS
isatty
