GAS LISTING /tmp/ccusjpFK.s 			page 1


   1              		.file	"write.c"
   2              		.option nopic
   3              		.attribute arch, "rv32i2p0_m2p0_a2p0_c2p0"
   4              		.attribute unaligned_access, 0
   5              		.attribute stack_align, 16
   6              		.text
   7              	.Ltext0:
   8              		.cfi_sections	.debug_frame
   9              		.section	.text._put_char,"ax",@progbits
  10              		.align	1
  11              		.weak	_put_char
  13              	_put_char:
  14              	.LFB4:
  15              		.file 1 "../../firmware/RISCV/stubs/write.c"
   1:../../firmware/RISCV/stubs/write.c **** /* See LICENSE of license details. */
   2:../../firmware/RISCV/stubs/write.c **** 
   3:../../firmware/RISCV/stubs/write.c **** #include <stdint.h>
   4:../../firmware/RISCV/stubs/write.c **** #include <string.h>
   5:../../firmware/RISCV/stubs/write.c **** #include <errno.h>
   6:../../firmware/RISCV/stubs/write.c **** #include <gd32vf103.h>
   7:../../firmware/RISCV/stubs/write.c **** 
   8:../../firmware/RISCV/stubs/write.c **** #if   defined (__GNUC__)
   9:../../firmware/RISCV/stubs/write.c **** #include <unistd.h>
  10:../../firmware/RISCV/stubs/write.c **** #include <sys/types.h>
  11:../../firmware/RISCV/stubs/write.c **** #endif
  12:../../firmware/RISCV/stubs/write.c **** 
  13:../../firmware/RISCV/stubs/write.c **** #include "stub.h"
  14:../../firmware/RISCV/stubs/write.c **** #include "gd32vf103.h"
  15:../../firmware/RISCV/stubs/write.c **** 
  16:../../firmware/RISCV/stubs/write.c **** //typedef unsigned int size_t;
  17:../../firmware/RISCV/stubs/write.c **** extern int _put_char(int ch) __attribute__((weak));
  18:../../firmware/RISCV/stubs/write.c **** 
  19:../../firmware/RISCV/stubs/write.c **** #if   defined (__ICCRISCV__)
  20:../../firmware/RISCV/stubs/write.c **** size_t __write(int handle, const unsigned char *buf, size_t bufSize)
  21:../../firmware/RISCV/stubs/write.c **** {
  22:../../firmware/RISCV/stubs/write.c ****   size_t nChars = 0;
  23:../../firmware/RISCV/stubs/write.c ****   
  24:../../firmware/RISCV/stubs/write.c ****   if (handle == -1)
  25:../../firmware/RISCV/stubs/write.c ****   {
  26:../../firmware/RISCV/stubs/write.c ****     return 0;
  27:../../firmware/RISCV/stubs/write.c ****   }
  28:../../firmware/RISCV/stubs/write.c ****   
  29:../../firmware/RISCV/stubs/write.c ****   for (; bufSize > 0; --bufSize)
  30:../../firmware/RISCV/stubs/write.c ****   {
  31:../../firmware/RISCV/stubs/write.c ****     _put_char((uint8_t) *buf);
  32:../../firmware/RISCV/stubs/write.c ****     ++buf;
  33:../../firmware/RISCV/stubs/write.c ****     ++nChars;
  34:../../firmware/RISCV/stubs/write.c ****   }
  35:../../firmware/RISCV/stubs/write.c ****   
  36:../../firmware/RISCV/stubs/write.c ****   return nChars;
  37:../../firmware/RISCV/stubs/write.c ****  }
  38:../../firmware/RISCV/stubs/write.c **** 
  39:../../firmware/RISCV/stubs/write.c **** int puts(const char* string) {
  40:../../firmware/RISCV/stubs/write.c ****     return __write(0, (const void *) string, strlen(string));
  41:../../firmware/RISCV/stubs/write.c **** }
  42:../../firmware/RISCV/stubs/write.c ****  
  43:../../firmware/RISCV/stubs/write.c **** #elif defined ( __GNUC__ )
GAS LISTING /tmp/ccusjpFK.s 			page 2


  44:../../firmware/RISCV/stubs/write.c **** /*
  45:../../firmware/RISCV/stubs/write.c **** ssize_t _write(int fd, const void* ptr, size_t len) {
  46:../../firmware/RISCV/stubs/write.c ****     const uint8_t * current = (const uint8_t *) ptr;
  47:../../firmware/RISCV/stubs/write.c ****     {
  48:../../firmware/RISCV/stubs/write.c ****         for (size_t jj = 0; jj < len; jj++) {
  49:../../firmware/RISCV/stubs/write.c ****             _put_char(current[jj]);
  50:../../firmware/RISCV/stubs/write.c **** 
  51:../../firmware/RISCV/stubs/write.c ****             if (current[jj] == '\n') {
  52:../../firmware/RISCV/stubs/write.c ****                 _put_char('\r');
  53:../../firmware/RISCV/stubs/write.c ****             }
  54:../../firmware/RISCV/stubs/write.c ****         }
  55:../../firmware/RISCV/stubs/write.c ****         return len;
  56:../../firmware/RISCV/stubs/write.c ****     }
  57:../../firmware/RISCV/stubs/write.c **** 
  58:../../firmware/RISCV/stubs/write.c ****     return _stub(EBADF);
  59:../../firmware/RISCV/stubs/write.c **** }
  60:../../firmware/RISCV/stubs/write.c **** 
  61:../../firmware/RISCV/stubs/write.c **** int puts(const char* string) {
  62:../../firmware/RISCV/stubs/write.c ****     return _write(0, (const void *) string, strlen(string));
  63:../../firmware/RISCV/stubs/write.c **** }
  64:../../firmware/RISCV/stubs/write.c **** */
  65:../../firmware/RISCV/stubs/write.c **** #endif
  66:../../firmware/RISCV/stubs/write.c **** 
  67:../../firmware/RISCV/stubs/write.c **** int _put_char(int ch)
  68:../../firmware/RISCV/stubs/write.c **** {
  16              		.loc 1 68 1
  17              		.cfi_startproc
  18              	.LVL0:
  69:../../firmware/RISCV/stubs/write.c ****     usart_data_transmit(USART0, (uint8_t) ch );
  19              		.loc 1 69 5
  68:../../firmware/RISCV/stubs/write.c ****     usart_data_transmit(USART0, (uint8_t) ch );
  20              		.loc 1 68 1 is_stmt 0
  21 0000 4111     		addi	sp,sp,-16
  22              	.LCFI0:
  23              		.cfi_def_cfa_offset 16
  24 0002 22C4     		sw	s0,8(sp)
  25              		.cfi_offset 8, -8
  26              		.loc 1 69 5
  27 0004 37440140 		li	s0,1073823744
  68:../../firmware/RISCV/stubs/write.c ****     usart_data_transmit(USART0, (uint8_t) ch );
  28              		.loc 1 68 1
  29 0008 26C2     		sw	s1,4(sp)
  30              		.loc 1 69 5
  31 000a 9375F50F 		andi	a1,a0,0xff
  32              		.cfi_offset 9, -12
  68:../../firmware/RISCV/stubs/write.c ****     usart_data_transmit(USART0, (uint8_t) ch );
  33              		.loc 1 68 1
  34 000e AA84     		mv	s1,a0
  35              		.loc 1 69 5
  36 0010 13050480 		addi	a0,s0,-2048
  37              	.LVL1:
  68:../../firmware/RISCV/stubs/write.c ****     usart_data_transmit(USART0, (uint8_t) ch );
  38              		.loc 1 68 1
  39 0014 06C6     		sw	ra,12(sp)
  40              		.cfi_offset 1, -4
  70:../../firmware/RISCV/stubs/write.c ****     while (usart_flag_get(USART0, USART_FLAG_TBE)== RESET){
  41              		.loc 1 70 12
GAS LISTING /tmp/ccusjpFK.s 			page 3


  42 0016 13040480 		addi	s0,s0,-2048
  69:../../firmware/RISCV/stubs/write.c ****     usart_data_transmit(USART0, (uint8_t) ch );
  43              		.loc 1 69 5
  44 001a 97000000 		call	usart_data_transmit
  44      E7800000 
  45              	.LVL2:
  46              		.loc 1 70 5 is_stmt 1
  47              	.L2:
  71:../../firmware/RISCV/stubs/write.c ****     }
  48              		.loc 1 71 5 discriminator 1
  70:../../firmware/RISCV/stubs/write.c ****     while (usart_flag_get(USART0, USART_FLAG_TBE)== RESET){
  49              		.loc 1 70 12 is_stmt 0 discriminator 1
  50 0022 9D45     		li	a1,7
  51 0024 2285     		mv	a0,s0
  52 0026 97000000 		call	usart_flag_get
  52      E7800000 
  53              	.LVL3:
  70:../../firmware/RISCV/stubs/write.c ****     while (usart_flag_get(USART0, USART_FLAG_TBE)== RESET){
  54              		.loc 1 70 11 discriminator 1
  55 002e 75D9     		beq	a0,zero,.L2
  72:../../firmware/RISCV/stubs/write.c **** 
  73:../../firmware/RISCV/stubs/write.c ****     return ch;
  56              		.loc 1 73 5 is_stmt 1
  74:../../firmware/RISCV/stubs/write.c **** }
  57              		.loc 1 74 1 is_stmt 0
  58 0030 B240     		lw	ra,12(sp)
  59              		.cfi_restore 1
  60 0032 2244     		lw	s0,8(sp)
  61              		.cfi_restore 8
  62 0034 2685     		mv	a0,s1
  63 0036 9244     		lw	s1,4(sp)
  64              		.cfi_restore 9
  65              	.LVL4:
  66 0038 4101     		addi	sp,sp,16
  67              	.LCFI1:
  68              		.cfi_def_cfa_offset 0
  69 003a 8280     		jr	ra
  70              		.cfi_endproc
  71              	.LFE4:
  73              		.text
  74              	.Letext0:
  75              		.file 2 "/home/karzan/Documents/toolchain-gd32v-v202-linux/compiler/riscv64-unknown-elf/include/ma
  76              		.file 3 "/home/karzan/Documents/toolchain-gd32v-v202-linux/compiler/riscv64-unknown-elf/include/sy
  77              		.file 4 "/home/karzan/Documents/toolchain-gd32v-v202-linux/compiler/lib/gcc/riscv64-unknown-elf/8.
  78              		.file 5 "/home/karzan/Documents/toolchain-gd32v-v202-linux/compiler/riscv64-unknown-elf/include/sy
  79              		.file 6 "/home/karzan/Documents/toolchain-gd32v-v202-linux/compiler/riscv64-unknown-elf/include/sy
  80              		.file 7 "/home/karzan/Documents/toolchain-gd32v-v202-linux/compiler/riscv64-unknown-elf/include/sy
  81              		.file 8 "/home/karzan/Documents/toolchain-gd32v-v202-linux/compiler/riscv64-unknown-elf/include/sy
  82              		.file 9 "../../firmware/GD32VF103_standard_peripheral/system_gd32vf103.h"
  83              		.file 10 "../../firmware/GD32VF103_standard_peripheral/gd32vf103.h"
  84              		.file 11 "../../firmware/GD32VF103_standard_peripheral/Include/gd32vf103_usart.h"
  85              		.file 12 "/home/karzan/Documents/toolchain-gd32v-v202-linux/compiler/riscv64-unknown-elf/include/s
GAS LISTING /tmp/ccusjpFK.s 			page 4


DEFINED SYMBOLS
                            *ABS*:0000000000000000 write.c
     /tmp/ccusjpFK.s:13     .text._put_char:0000000000000000 _put_char
     /tmp/ccusjpFK.s:17     .text._put_char:0000000000000000 .L0 
     /tmp/ccusjpFK.s:19     .text._put_char:0000000000000000 .L0 
     /tmp/ccusjpFK.s:20     .text._put_char:0000000000000000 .L0 
     /tmp/ccusjpFK.s:21     .text._put_char:0000000000000000 .L0 
     /tmp/ccusjpFK.s:23     .text._put_char:0000000000000002 .L0 
     /tmp/ccusjpFK.s:25     .text._put_char:0000000000000004 .L0 
     /tmp/ccusjpFK.s:27     .text._put_char:0000000000000004 .L0 
     /tmp/ccusjpFK.s:29     .text._put_char:0000000000000008 .L0 
     /tmp/ccusjpFK.s:31     .text._put_char:000000000000000a .L0 
     /tmp/ccusjpFK.s:32     .text._put_char:000000000000000e .L0 
     /tmp/ccusjpFK.s:34     .text._put_char:000000000000000e .L0 
     /tmp/ccusjpFK.s:36     .text._put_char:0000000000000010 .L0 
     /tmp/ccusjpFK.s:39     .text._put_char:0000000000000014 .L0 
     /tmp/ccusjpFK.s:40     .text._put_char:0000000000000016 .L0 
     /tmp/ccusjpFK.s:42     .text._put_char:0000000000000016 .L0 
     /tmp/ccusjpFK.s:44     .text._put_char:000000000000001a .L0 
     /tmp/ccusjpFK.s:48     .text._put_char:0000000000000022 .L0 
     /tmp/ccusjpFK.s:49     .text._put_char:0000000000000022 .L0 
     /tmp/ccusjpFK.s:50     .text._put_char:0000000000000022 .L0 
     /tmp/ccusjpFK.s:55     .text._put_char:000000000000002e .L0 
     /tmp/ccusjpFK.s:57     .text._put_char:0000000000000030 .L0 
     /tmp/ccusjpFK.s:58     .text._put_char:0000000000000030 .L0 
     /tmp/ccusjpFK.s:59     .text._put_char:0000000000000032 .L0 
     /tmp/ccusjpFK.s:61     .text._put_char:0000000000000034 .L0 
     /tmp/ccusjpFK.s:64     .text._put_char:0000000000000038 .L0 
     /tmp/ccusjpFK.s:68     .text._put_char:000000000000003a .L0 
     /tmp/ccusjpFK.s:70     .text._put_char:000000000000003c .L0 
     /tmp/ccusjpFK.s:73     .text._put_char:000000000000003c .L0 
                     .debug_frame:0000000000000000 .L0 
     /tmp/ccusjpFK.s:47     .text._put_char:0000000000000022 .L2
     /tmp/ccusjpFK.s:1709   .debug_abbrev:0000000000000000 .Ldebug_abbrev0
     /tmp/ccusjpFK.s:2555   .debug_str:0000000000000511 .LASF146
     /tmp/ccusjpFK.s:2571   .debug_str:00000000000005eb .LASF147
     /tmp/ccusjpFK.s:2463   .debug_str:0000000000000311 .LASF148
     /tmp/ccusjpFK.s:2299   .debug_ranges:0000000000000000 .Ldebug_ranges0
     /tmp/ccusjpFK.s:2305   .debug_line:0000000000000000 .Ldebug_line0
     /tmp/ccusjpFK.s:2345   .debug_str:00000000000000db .LASF0
     /tmp/ccusjpFK.s:2317   .debug_str:0000000000000037 .LASF5
     /tmp/ccusjpFK.s:2475   .debug_str:0000000000000394 .LASF1
     /tmp/ccusjpFK.s:2545   .debug_str:00000000000004e5 .LASF2
     /tmp/ccusjpFK.s:2559   .debug_str:00000000000005a2 .LASF3
     /tmp/ccusjpFK.s:2361   .debug_str:0000000000000131 .LASF4
     /tmp/ccusjpFK.s:2385   .debug_str:00000000000001a9 .LASF6
     /tmp/ccusjpFK.s:2407   .debug_str:0000000000000208 .LASF7
     /tmp/ccusjpFK.s:2371   .debug_str:000000000000015a .LASF8
     /tmp/ccusjpFK.s:2349   .debug_str:00000000000000ed .LASF9
     /tmp/ccusjpFK.s:2543   .debug_str:00000000000004d8 .LASF10
     /tmp/ccusjpFK.s:2547   .debug_str:00000000000004ef .LASF11
     /tmp/ccusjpFK.s:2569   .debug_str:00000000000005e2 .LASF12
     /tmp/ccusjpFK.s:2531   .debug_str:00000000000004a3 .LASF13
     /tmp/ccusjpFK.s:2461   .debug_str:000000000000030a .LASF14
     /tmp/ccusjpFK.s:2341   .debug_str:00000000000000cd .LASF15
     /tmp/ccusjpFK.s:2529   .debug_str:000000000000049b .LASF16
     /tmp/ccusjpFK.s:2581   .debug_str:0000000000000635 .LASF17
GAS LISTING /tmp/ccusjpFK.s 			page 5


     /tmp/ccusjpFK.s:2425   .debug_str:0000000000000268 .LASF18
     /tmp/ccusjpFK.s:2399   .debug_str:00000000000001e1 .LASF19
     /tmp/ccusjpFK.s:2521   .debug_str:000000000000047b .LASF20
     /tmp/ccusjpFK.s:2523   .debug_str:0000000000000483 .LASF21
     /tmp/ccusjpFK.s:2493   .debug_str:00000000000003ea .LASF22
     /tmp/ccusjpFK.s:2563   .debug_str:00000000000005ba .LASF23
     /tmp/ccusjpFK.s:2467   .debug_str:0000000000000366 .LASF24
     /tmp/ccusjpFK.s:2481   .debug_str:00000000000003b1 .LASF25
     /tmp/ccusjpFK.s:2393   .debug_str:00000000000001ce .LASF30
     /tmp/ccusjpFK.s:2551   .debug_str:00000000000004fe .LASF26
     /tmp/ccusjpFK.s:2515   .debug_str:0000000000000466 .LASF27
     /tmp/ccusjpFK.s:2387   .debug_str:00000000000001b4 .LASF28
     /tmp/ccusjpFK.s:2577   .debug_str:000000000000062a .LASF29
     /tmp/ccusjpFK.s:2397   .debug_str:00000000000001dc .LASF31
     /tmp/ccusjpFK.s:2339   .debug_str:00000000000000c4 .LASF32
     /tmp/ccusjpFK.s:2595   .debug_str:000000000000067a .LASF33
     /tmp/ccusjpFK.s:2351   .debug_str:0000000000000104 .LASF34
     /tmp/ccusjpFK.s:2607   .debug_str:00000000000006b2 .LASF35
     /tmp/ccusjpFK.s:2453   .debug_str:00000000000002df .LASF36
     /tmp/ccusjpFK.s:2441   .debug_str:00000000000002a6 .LASF37
     /tmp/ccusjpFK.s:2527   .debug_str:0000000000000491 .LASF38
     /tmp/ccusjpFK.s:2483   .debug_str:00000000000003ba .LASF39
     /tmp/ccusjpFK.s:2591   .debug_str:0000000000000660 .LASF40
     /tmp/ccusjpFK.s:2355   .debug_str:0000000000000113 .LASF41
     /tmp/ccusjpFK.s:2311   .debug_str:000000000000001c .LASF42
     /tmp/ccusjpFK.s:2307   .debug_str:0000000000000000 .LASF43
     /tmp/ccusjpFK.s:2557   .debug_str:0000000000000599 .LASF44
     /tmp/ccusjpFK.s:2365   .debug_str:0000000000000141 .LASF45
     /tmp/ccusjpFK.s:2455   .debug_str:00000000000002e8 .LASF46
     /tmp/ccusjpFK.s:2507   .debug_str:0000000000000436 .LASF47
     /tmp/ccusjpFK.s:2383   .debug_str:00000000000001a4 .LASF48
     /tmp/ccusjpFK.s:2485   .debug_str:00000000000003c4 .LASF49
     /tmp/ccusjpFK.s:2471   .debug_str:000000000000037e .LASF50
     /tmp/ccusjpFK.s:2541   .debug_str:00000000000004d2 .LASF51
     /tmp/ccusjpFK.s:2495   .debug_str:00000000000003f5 .LASF52
     /tmp/ccusjpFK.s:2363   .debug_str:000000000000013a .LASF53
     /tmp/ccusjpFK.s:2409   .debug_str:000000000000021a .LASF54
     /tmp/ccusjpFK.s:2329   .debug_str:0000000000000084 .LASF55
     /tmp/ccusjpFK.s:2357   .debug_str:0000000000000121 .LASF56
     /tmp/ccusjpFK.s:2395   .debug_str:00000000000001d6 .LASF57
     /tmp/ccusjpFK.s:2439   .debug_str:000000000000029f .LASF58
     /tmp/ccusjpFK.s:2525   .debug_str:000000000000048b .LASF59
     /tmp/ccusjpFK.s:2343   .debug_str:00000000000000d4 .LASF60
     /tmp/ccusjpFK.s:2347   .debug_str:00000000000000e7 .LASF61
     /tmp/ccusjpFK.s:2587   .debug_str:0000000000000652 .LASF62
     /tmp/ccusjpFK.s:2537   .debug_str:00000000000004bb .LASF63
     /tmp/ccusjpFK.s:2377   .debug_str:000000000000017d .LASF64
     /tmp/ccusjpFK.s:2411   .debug_str:0000000000000220 .LASF65
     /tmp/ccusjpFK.s:2433   .debug_str:000000000000028a .LASF66
     /tmp/ccusjpFK.s:2499   .debug_str:0000000000000407 .LASF67
     /tmp/ccusjpFK.s:2487   .debug_str:00000000000003cb .LASF68
     /tmp/ccusjpFK.s:2517   .debug_str:000000000000046e .LASF69
     /tmp/ccusjpFK.s:2533   .debug_str:00000000000004af .LASF70
     /tmp/ccusjpFK.s:2367   .debug_str:0000000000000149 .LASF71
     /tmp/ccusjpFK.s:2403   .debug_str:00000000000001f8 .LASF72
     /tmp/ccusjpFK.s:2391   .debug_str:00000000000001c6 .LASF73
     /tmp/ccusjpFK.s:2505   .debug_str:0000000000000431 .LASF74
GAS LISTING /tmp/ccusjpFK.s 			page 6


     /tmp/ccusjpFK.s:2315   .debug_str:000000000000002c .LASF75
     /tmp/ccusjpFK.s:2513   .debug_str:000000000000044d .LASF76
     /tmp/ccusjpFK.s:2509   .debug_str:000000000000043b .LASF77
     /tmp/ccusjpFK.s:2457   .debug_str:00000000000002f0 .LASF78
     /tmp/ccusjpFK.s:2511   .debug_str:0000000000000443 .LASF79
     /tmp/ccusjpFK.s:2423   .debug_str:0000000000000260 .LASF80
     /tmp/ccusjpFK.s:2369   .debug_str:0000000000000150 .LASF81
     /tmp/ccusjpFK.s:2603   .debug_str:000000000000069d .LASF82
     /tmp/ccusjpFK.s:2465   .debug_str:000000000000035c .LASF83
     /tmp/ccusjpFK.s:2405   .debug_str:0000000000000200 .LASF84
     /tmp/ccusjpFK.s:2375   .debug_str:0000000000000175 .LASF85
     /tmp/ccusjpFK.s:2429   .debug_str:0000000000000276 .LASF86
     /tmp/ccusjpFK.s:2319   .debug_str:0000000000000041 .LASF87
     /tmp/ccusjpFK.s:2585   .debug_str:0000000000000648 .LASF88
     /tmp/ccusjpFK.s:2359   .debug_str:0000000000000129 .LASF89
     /tmp/ccusjpFK.s:2353   .debug_str:000000000000010e .LASF90
     /tmp/ccusjpFK.s:2535   .debug_str:00000000000004b6 .LASF91
     /tmp/ccusjpFK.s:2491   .debug_str:00000000000003e3 .LASF92
     /tmp/ccusjpFK.s:2579   .debug_str:000000000000062f .LASF93
     /tmp/ccusjpFK.s:2413   .debug_str:0000000000000226 .LASF94
     /tmp/ccusjpFK.s:2477   .debug_str:00000000000003a2 .LASF95
     /tmp/ccusjpFK.s:2313   .debug_str:0000000000000024 .LASF96
     /tmp/ccusjpFK.s:2519   .debug_str:0000000000000475 .LASF97
     /tmp/ccusjpFK.s:2435   .debug_str:0000000000000290 .LASF98
     /tmp/ccusjpFK.s:2561   .debug_str:00000000000005b5 .LASF99
     /tmp/ccusjpFK.s:2573   .debug_str:000000000000060e .LASF100
     /tmp/ccusjpFK.s:2553   .debug_str:0000000000000504 .LASF101
     /tmp/ccusjpFK.s:2419   .debug_str:0000000000000244 .LASF102
     /tmp/ccusjpFK.s:2593   .debug_str:000000000000066b .LASF103
     /tmp/ccusjpFK.s:2459   .debug_str:00000000000002fb .LASF104
     /tmp/ccusjpFK.s:2415   .debug_str:000000000000022d .LASF105
     /tmp/ccusjpFK.s:2597   .debug_str:0000000000000683 .LASF106
     /tmp/ccusjpFK.s:2503   .debug_str:0000000000000424 .LASF107
     /tmp/ccusjpFK.s:2601   .debug_str:000000000000068f .LASF108
     /tmp/ccusjpFK.s:2337   .debug_str:00000000000000b6 .LASF109
     /tmp/ccusjpFK.s:2583   .debug_str:000000000000063e .LASF110
     /tmp/ccusjpFK.s:2417   .debug_str:0000000000000238 .LASF111
     /tmp/ccusjpFK.s:2565   .debug_str:00000000000005c2 .LASF112
     /tmp/ccusjpFK.s:2381   .debug_str:0000000000000196 .LASF113
     /tmp/ccusjpFK.s:2335   .debug_str:00000000000000a7 .LASF114
     /tmp/ccusjpFK.s:2379   .debug_str:0000000000000185 .LASF115
     /tmp/ccusjpFK.s:2321   .debug_str:000000000000004a .LASF116
     /tmp/ccusjpFK.s:2323   .debug_str:0000000000000059 .LASF117
     /tmp/ccusjpFK.s:2479   .debug_str:00000000000003a8 .LASF118
     /tmp/ccusjpFK.s:2451   .debug_str:00000000000002d8 .LASF119
     /tmp/ccusjpFK.s:2443   .debug_str:00000000000002b0 .LASF120
     /tmp/ccusjpFK.s:2589   .debug_str:0000000000000658 .LASF121
     /tmp/ccusjpFK.s:2331   .debug_str:000000000000008d .LASF149
     /tmp/ccusjpFK.s:2389   .debug_str:00000000000001ba .LASF122
     /tmp/ccusjpFK.s:2567   .debug_str:00000000000005cf .LASF123
     /tmp/ccusjpFK.s:2373   .debug_str:0000000000000168 .LASF124
     /tmp/ccusjpFK.s:2497   .debug_str:00000000000003fd .LASF125
     /tmp/ccusjpFK.s:2401   .debug_str:00000000000001e8 .LASF126
     /tmp/ccusjpFK.s:2469   .debug_str:0000000000000378 .LASF127
     /tmp/ccusjpFK.s:2333   .debug_str:0000000000000098 .LASF128
     /tmp/ccusjpFK.s:2575   .debug_str:000000000000061b .LASF129
     /tmp/ccusjpFK.s:2431   .debug_str:000000000000027b .LASF130
GAS LISTING /tmp/ccusjpFK.s 			page 7


     /tmp/ccusjpFK.s:2539   .debug_str:00000000000004c4 .LASF131
     /tmp/ccusjpFK.s:2473   .debug_str:0000000000000384 .LASF132
     /tmp/ccusjpFK.s:2309   .debug_str:000000000000000c .LASF133
     /tmp/ccusjpFK.s:2447   .debug_str:00000000000002c0 .LASF134
     /tmp/ccusjpFK.s:2327   .debug_str:0000000000000074 .LASF135
     /tmp/ccusjpFK.s:2605   .debug_str:00000000000006a2 .LASF136
     /tmp/ccusjpFK.s:2489   .debug_str:00000000000003d3 .LASF137
     /tmp/ccusjpFK.s:2427   .debug_str:000000000000026e .LASF138
     /tmp/ccusjpFK.s:2445   .debug_str:00000000000002b9 .LASF139
     /tmp/ccusjpFK.s:2449   .debug_str:00000000000002d1 .LASF140
     /tmp/ccusjpFK.s:2549   .debug_str:00000000000004f7 .LASF141
     /tmp/ccusjpFK.s:2599   .debug_str:0000000000000688 .LASF142
     /tmp/ccusjpFK.s:2437   .debug_str:0000000000000296 .LASF143
     /tmp/ccusjpFK.s:2325   .debug_str:000000000000006a .LASF150
     /tmp/ccusjpFK.s:14     .text._put_char:0000000000000000 .LFB4
     /tmp/ccusjpFK.s:71     .text._put_char:000000000000003c .LFE4
     /tmp/ccusjpFK.s:2253   .debug_loc:0000000000000000 .LLST0
     /tmp/ccusjpFK.s:2271   .debug_loc:000000000000002c .LLST1
     /tmp/ccusjpFK.s:45     .text._put_char:0000000000000022 .LVL2
     /tmp/ccusjpFK.s:53     .text._put_char:000000000000002e .LVL3
     /tmp/ccusjpFK.s:2501   .debug_str:0000000000000410 .LASF144
     /tmp/ccusjpFK.s:2421   .debug_str:0000000000000251 .LASF145
     /tmp/ccusjpFK.s:22     .text._put_char:0000000000000002 .LCFI0
     /tmp/ccusjpFK.s:67     .text._put_char:000000000000003a .LCFI1
     /tmp/ccusjpFK.s:18     .text._put_char:0000000000000000 .LVL0
     /tmp/ccusjpFK.s:37     .text._put_char:0000000000000014 .LVL1
     /tmp/ccusjpFK.s:65     .text._put_char:0000000000000038 .LVL4
     /tmp/ccusjpFK.s:87     .debug_info:0000000000000000 .Ldebug_info0

UNDEFINED SYMBOLS
usart_data_transmit
usart_flag_get
